<?xml version="1.0" encoding="UTF-8"?>
<!-- Generated by org.testng.reporters.JUnitReportReporter -->
<testsuite hostname="DESKTOP-P2082N8" failures="0" tests="1" name="com.test3.NewTest2" time="44.952" errors="0" timestamp="2023-05-02T14:54:37 IST" skipped="0">
  <testcase classname="com.test3.NewTest2" name="f" time="44.952"/>
  <system-out/>
</testsuite> <!-- com.test3.NewTest2 -->
